<?xml version="1.0" encoding="UTF-8"?>
<!-- Generated by org.testng.reporters.JUnitReportReporter -->
<testsuite skipped="0" hostname="DESKTOP-59QS48D" name="testcases.TC001_LogInLogOut" tests="2" failures="0" timestamp="06 Mar 2019 12:55:33 GMT" time="16.970" errors="2">
  <testcase name="logInLogOut" time="7.492" classname="testcases.TC001_LogInLogOut">
    <error type="java.lang.RuntimeException" message="FAILED">
      <![CDATA[java.lang.RuntimeException: FAILED
at utils.Reporter.reportStep(Reporter.java:34)
at utils.Reporter.reportStep(Reporter.java:44)
at wdMethods.SeMethods.verifyTitle(SeMethods.java:197)
at pages.LoginPage.<init>(LoginPage.java:20)
at testcases.TC001_LogInLogOut.logInLogOut(TC001_LogInLogOut.java:23)
at sun.reflect.NativeMethodAccessorImpl.invoke0(Native Method)
at sun.reflect.NativeMethodAccessorImpl.invoke(Unknown Source)
at sun.reflect.DelegatingMethodAccessorImpl.invoke(Unknown Source)
at java.lang.reflect.Method.invoke(Unknown Source)
at org.testng.internal.MethodInvocationHelper.invokeMethod(MethodInvocationHelper.java:124)
at org.testng.internal.Invoker.invokeMethod(Invoker.java:580)
at org.testng.internal.Invoker.invokeTestMethod(Invoker.java:716)
at org.testng.internal.Invoker.invokeTestMethods(Invoker.java:988)
at org.testng.internal.TestMethodWorker.invokeTestMethods(TestMethodWorker.java:125)
at org.testng.internal.TestMethodWorker.run(TestMethodWorker.java:109)
at java.util.concurrent.ThreadPoolExecutor.runWorker(Unknown Source)
at java.util.concurrent.ThreadPoolExecutor$Worker.run(Unknown Source)
at java.lang.Thread.run(Unknown Source)
]]>
    </error>
  </testcase> <!-- logInLogOut -->
  <testcase name="logInLogOut" time="9.478" classname="testcases.TC001_LogInLogOut">
    <error type="java.lang.RuntimeException" message="FAILED">
      <![CDATA[java.lang.RuntimeException: FAILED
at utils.Reporter.reportStep(Reporter.java:34)
at utils.Reporter.reportStep(Reporter.java:44)
at wdMethods.SeMethods.verifyTitle(SeMethods.java:197)
at pages.LoginPage.<init>(LoginPage.java:20)
at testcases.TC001_LogInLogOut.logInLogOut(TC001_LogInLogOut.java:23)
at sun.reflect.NativeMethodAccessorImpl.invoke0(Native Method)
at sun.reflect.NativeMethodAccessorImpl.invoke(Unknown Source)
at sun.reflect.DelegatingMethodAccessorImpl.invoke(Unknown Source)
at java.lang.reflect.Method.invoke(Unknown Source)
at org.testng.internal.MethodInvocationHelper.invokeMethod(MethodInvocationHelper.java:124)
at org.testng.internal.Invoker.invokeMethod(Invoker.java:580)
at org.testng.internal.Invoker.invokeTestMethod(Invoker.java:716)
at org.testng.internal.Invoker.invokeTestMethods(Invoker.java:988)
at org.testng.internal.TestMethodWorker.invokeTestMethods(TestMethodWorker.java:125)
at org.testng.internal.TestMethodWorker.run(TestMethodWorker.java:109)
at java.util.concurrent.ThreadPoolExecutor.runWorker(Unknown Source)
at java.util.concurrent.ThreadPoolExecutor$Worker.run(Unknown Source)
at java.lang.Thread.run(Unknown Source)
]]>
    </error>
  </testcase> <!-- logInLogOut -->
</testsuite> <!-- testcases.TC001_LogInLogOut -->
